#! /usr/bin/vvp
:ivl_version "10.3 (stable)";
:ivl_delay_selection "TYPICAL";
:vpi_time_precision + 0;
:vpi_module "system";
:vpi_module "vhdl_sys";
:vpi_module "v2005_math";
:vpi_module "va_math";
S_0x558baefc5130 .scope module, "WRITE_DATA" "WRITE_DATA" 2 1;
 .timescale 0 0;
    .port_info 0 /INPUT 1 "clk"
    .port_info 1 /INPUT 1 "rst_n"
    .port_info 2 /INPUT 3 "state"
    .port_info 3 /OUTPUT 16 "data_output"
    .port_info 4 /OUTPUT 1 "valid_data"
    .port_info 5 /OUTPUT 3 "sel_data"
P_0x558baefc52b0 .param/l "DATA_WIDTH" 0 2 1, +C4<00000000000000000000000000010000>;
P_0x558baefc52f0 .param/l "IDLE" 0 2 21, C4<000>;
P_0x558baefc5330 .param/l "TILING_SIZE" 0 2 1, +C4<00000000000000000000000000001000>;
P_0x558baefc5370 .param/l "WRITE_DATA" 0 2 22, C4<001>;
o0x7f026885f018 .functor BUFZ 1, C4<z>; HiZ drive
v0x558baefd7790_0 .net "clk", 0 0, o0x7f026885f018;  0 drivers
v0x558baf010010_0 .var "current_state", 2 0;
v0x558baf0100f0_0 .var "data_output", 15 0;
v0x558baf0101e0_0 .var "next_state", 2 0;
o0x7f026885f0d8 .functor BUFZ 1, C4<z>; HiZ drive
v0x558baf0102c0_0 .net "rst_n", 0 0, o0x7f026885f0d8;  0 drivers
v0x558baf0103d0_0 .var "sel_data", 2 0;
o0x7f026885f138 .functor BUFZ 3, C4<zzz>; HiZ drive
v0x558baf0104b0_0 .net "state", 2 0, o0x7f026885f138;  0 drivers
v0x558baf010590_0 .var "valid_data", 0 0;
E_0x558baeffaa30/0 .event negedge, v0x558baf0102c0_0;
E_0x558baeffaa30/1 .event posedge, v0x558baefd7790_0;
E_0x558baeffaa30 .event/or E_0x558baeffaa30/0, E_0x558baeffaa30/1;
E_0x558baeffab70 .event edge, v0x558baf0104b0_0;
    .scope S_0x558baefc5130;
T_0 ;
    %wait E_0x558baeffaa30;
    %load/vec4 v0x558baf0102c0_0;
    %nor/r;
    %flag_set/vec4 8;
    %jmp/0xz  T_0.0, 8;
    %pushi/vec4 0, 0, 3;
    %assign/vec4 v0x558baf010010_0, 0;
    %jmp T_0.1;
T_0.0 ;
    %load/vec4 v0x558baf0101e0_0;
    %assign/vec4 v0x558baf010010_0, 0;
T_0.1 ;
    %jmp T_0;
    .thread T_0;
    .scope S_0x558baefc5130;
T_1 ;
    %wait E_0x558baeffab70;
    %load/vec4 v0x558baf0104b0_0;
    %dup/vec4;
    %pushi/vec4 0, 0, 3;
    %cmp/u;
    %jmp/1 T_1.0, 6;
    %dup/vec4;
    %pushi/vec4 1, 0, 3;
    %cmp/u;
    %jmp/1 T_1.1, 6;
    %pushi/vec4 0, 0, 3;
    %store/vec4 v0x558baf0101e0_0, 0, 3;
    %jmp T_1.3;
T_1.0 ;
    %load/vec4 v0x558baf0104b0_0;
    %cmpi/e 4, 0, 3;
    %jmp/0xz  T_1.4, 4;
    %pushi/vec4 1, 0, 3;
    %store/vec4 v0x558baf0101e0_0, 0, 3;
    %jmp T_1.5;
T_1.4 ;
    %pushi/vec4 0, 0, 3;
    %store/vec4 v0x558baf0101e0_0, 0, 3;
T_1.5 ;
    %jmp T_1.3;
T_1.1 ;
    %load/vec4 v0x558baf0103d0_0;
    %pad/u 32;
    %cmpi/e 8, 0, 32;
    %jmp/0xz  T_1.6, 4;
    %pushi/vec4 0, 0, 3;
    %store/vec4 v0x558baf0101e0_0, 0, 3;
    %jmp T_1.7;
T_1.6 ;
    %pushi/vec4 1, 0, 3;
    %store/vec4 v0x558baf0101e0_0, 0, 3;
T_1.7 ;
    %jmp T_1.3;
T_1.3 ;
    %pop/vec4 1;
    %jmp T_1;
    .thread T_1, $push;
    .scope S_0x558baefc5130;
T_2 ;
    %wait E_0x558baeffaa30;
    %load/vec4 v0x558baf0102c0_0;
    %nor/r;
    %flag_set/vec4 8;
    %jmp/0xz  T_2.0, 8;
    %pushi/vec4 0, 0, 1;
    %assign/vec4 v0x558baf010590_0, 0;
    %pushi/vec4 0, 0, 3;
    %assign/vec4 v0x558baf0103d0_0, 0;
    %jmp T_2.1;
T_2.0 ;
    %load/vec4 v0x558baf0101e0_0;
    %dup/vec4;
    %pushi/vec4 0, 0, 3;
    %cmp/u;
    %jmp/1 T_2.2, 6;
    %dup/vec4;
    %pushi/vec4 1, 0, 3;
    %cmp/u;
    %jmp/1 T_2.3, 6;
    %pushi/vec4 0, 0, 1;
    %assign/vec4 v0x558baf010590_0, 0;
    %pushi/vec4 0, 0, 3;
    %assign/vec4 v0x558baf0103d0_0, 0;
    %jmp T_2.5;
T_2.2 ;
    %pushi/vec4 0, 0, 1;
    %assign/vec4 v0x558baf010590_0, 0;
    %pushi/vec4 0, 0, 3;
    %assign/vec4 v0x558baf0103d0_0, 0;
    %jmp T_2.5;
T_2.3 ;
    %pushi/vec4 0, 0, 1;
    %assign/vec4 v0x558baf010590_0, 0;
    %load/vec4 v0x558baf0103d0_0;
    %pad/u 32;
    %cmpi/e 8, 0, 32;
    %flag_mov 8, 4;
    %jmp/0 T_2.6, 8;
    %pushi/vec4 0, 0, 3;
    %jmp/1 T_2.7, 8;
T_2.6 ; End of true expr.
    %load/vec4 v0x558baf0103d0_0;
    %addi 1, 0, 3;
    %jmp/0 T_2.7, 8;
 ; End of false expr.
    %blend;
T_2.7;
    %assign/vec4 v0x558baf0103d0_0, 0;
    %jmp T_2.5;
T_2.5 ;
    %pop/vec4 1;
T_2.1 ;
    %jmp T_2;
    .thread T_2;
# The file index is used to find the file name in the following table.
:file_names 3;
    "N/A";
    "<interactive>";
    "WRITE_DATA.v";
